<?xml version="1.0" encoding="UTF-8"?>
<!-- Generated by org.testng.reporters.JUnitReportReporter -->
<testsuite hostname="DESKTOP-PQR4EQ1" failures="0" tests="1" name="StepDefinitionsDesktop.Runner" time="63.752" errors="0" timestamp="2021-04-28T23:43:24 IST" skipped="0">
  <testcase classname="StepDefinitionsDesktop.Runner" name="runScenario" time="63.752"/>
  <system-out/>
</testsuite> <!-- StepDefinitionsDesktop.Runner -->
