<?xml version="1.0" encoding="UTF-8"?>
<!-- Generated by org.testng.reporters.JUnitReportReporter -->
<testsuite hostname="DESKTOP-PQR4EQ1" name="StepDefinitionsMobile.Runner" tests="1" failures="0" timestamp="29 Apr 2021 11:23:06 GMT" time="149.550" errors="0">
  <testcase name="runScenario" time="149.550" classname="StepDefinitionsMobile.Runner"/>
</testsuite> <!-- StepDefinitionsMobile.Runner -->
