<?xml version="1.0" encoding="UTF-8"?>
<!-- Generated by org.testng.reporters.JUnitReportReporter -->
<testsuite hostname="DESKTOP-PQR4EQ1" failures="0" tests="1" name="StepDefinitions.Runner" time="43.796" errors="0" timestamp="2021-04-24T16:33:42 IST" skipped="0">
  <testcase classname="StepDefinitions.Runner" name="runScenario" time="43.796"/>
  <system-out/>
</testsuite> <!-- StepDefinitions.Runner -->
